!AIVDM,1,1,,A,4025bw1v5?8>DPcOkTOnoM102D1Q,0*68
!AIVDM,1,1,,A,13QD:`001FPj5?FOwW8Hb6rh0<0a,0*66
!AIVDM,1,1,,A,13@o`ghP000irdtOq86<1Ovf20RM,0*70
!AIVDM,1,1,,A,13@onD@01O0go=FP2kwET4`j0<0J,0*4B
!AIVDM,1,1,,A,13@ngfP0000gnrLP0qE4WQdl08?5,0*00
!AIVDM,1,1,,A,13nE4n001V0gEVBOpBVqj7nh00Sj,0*0C
!AIVDM,1,1,,A,B3@oqi0008;u`p`0>REukwe5oP06,0*4F
!AIVDM,1,1,,A,13@orKh01i0gui`OveR4Ckdl050p,0*46
!AIVDM,1,1,,A,13ngDR82Qf0i0r>P6:52CQo>08Fi,0*1C
!AIVDM,1,1,,A,13@nfsP0000fl8<P8@:8@SI@0@GW,0*11
!AIVDM,1,1,,A,13l;P:000LPiRG6OpbuGAEa<08Gp,0*76
!AIVDM,1,1,,A,13cL?<0026Pj=;2P0Lh8FncF0HIL,0*0E
!AIVDM,1,1,,A,13@o`ghP000ircrOq88<1OwF28IP,0*50
!AIVDM,1,1,,A,13@onD@PAO0goN<P2jLmSTaH0<0J,0*04
!AIVDM,1,1,,A,13@ngfP0000gnrVP0qE8LQeL0<0d,0*76
!AIVDM,1,1,,A,13nE4n001V0gE7LOpAnIk7oJ0<0a,0*26
!AIVDM,1,1,,A,33@orKh01i0gvE@OvdV4CkeP06NS,0*2D
!AIVDM,1,1,,A,13ngDR8vAf0i1FTP6;<2EQml08Qp,0*47
!AIVDM,1,1,,A,13l;P:000LPiRFDOpbG7<5al0L0e,0*0C
!AIVDM,1,1,,A,4025bw1v5?8?0PcOkTOnoM102D1N,0*02
!AIVDM,1,1,,A,33@o`ghP000ircpOq89d1Ov422:3,0*60
!AIVDM,1,1,,A,13@ngfP0000gnrRP0qE@TAd:0830,0*26
!AIVDM,1,1,,A,13@onD@01N0goijP2hc5W4b<083>,0*71
!AIVDM,1,1,,A,13nE4n001V0gDb2OpA79iGn:0@3n,0*56
!AIVDM,2,1,6,A,53@oGOP25Hv0uT9;:20hThhM9DpB22222222221<1`:456?D05jkk0VH2h@D,0*7B
!AIVDM,2,2,6,A,p8888888880,2*6A
!AIVDM,2,1,7,A,53@o`gl00001Q0G?7GLp5HT<ts8000000000000U08C2340Ht01kjCQp3Smj,0*3C
!AIVDM,2,2,7,A,1DQK`1PDm;P,2*3F
!AIVDM,1,1,,A,13ngDR8wAf0i1mtP6<KjCilV00S1,0*2B
!AIVDM,1,1,,A,13l;P:000JPiRENOpak7BE`T0<0f,0*68
!AIVDM,1,1,,A,4025bw1v5?8?DPcOkTOnoM102@<c,0*52
!AIVDM,1,1,,A,13AKHJ005FPgWMPP6g<lgChd0<0U,0*32
!AIVDM,1,1,,A,13@o`ghP000irddOq87L1Ovd2<1S,0*62
!AIVDM,1,1,,A,13QD:`001FPj4L>OwS:`cnrf08=b,0*1F
!AIVDM,1,1,,A,13@onD@01N0gp20P2g6mcDdj08>O,0*05
!AIVDM,1,1,,A,13@ngfP0000gnrDP0qDuMidl050t,0*29
!AIVDM,1,1,,A,13nE4n001V0gD<`Op@HqiGnj0@?i,0*37
!AIVDM,1,1,,A,13@orKh01i0gwChOvbwTE3dl00SO,0*23
!AIVDM,1,1,,A,13AKHJ005EPg`1`P6ealgkht0L0U,0*5D
!AIVDM,2,1,8,A,53@orKl2Cq`HuLqP00118Tq<E=<F0U<48Dhh40156@j997?os7ThAC5RAp23,0*35
!AIVDM,2,2,8,A,m`4hAC5RAp0,2*29
!AIVDM,1,1,,A,13ngDR8wQf0i2BnP6=d2D1o>050t,0*6C
!AIVDM,1,1,,A,13l;P:000IPiRDbOpa@W=Ea<050t,0*00
!AIVDM,1,1,,A,4025bw1v5?8?`PcOkTOnoM1020S:,0*30
!AIVDM,1,1,,A,13@o`ghP000irdlOq86d1OwF250t,0*4F
!AIVDM,1,1,,A,13@onD@01M0gpARP2eR5i4eH08IV,0*1E
!AIVDM,1,1,,A,13@ngfP0000gnrFP0qDG`ieL08Jl,0*7A
!AIVDM,1,1,,A,13nE4n001V0gCg:Op?bIj7oJ08KV,0*3D
!AIVDM,1,1,,A,13@orKh01i0gwnhOvat4OCgP0@MS,0*59
!AIVDM,1,1,,A,13ngDR80if0i2flP6>n2Diml050t,0*34
!AIVDM,1,1,,A,13l;P:000HPiRClOp`ioCmaj0H0=,0*2C
!AIVDM,1,1,,A,13QD:`001GPj3nhOwP2H`Vr60@1A,0*72
!AIVDM,1,1,,A,13@o`ghP000ird:Oq8:d1Ov420S`,0*14
!AIVDM,1,1,,A,13@ngfP0000gnr@P0qDW:Ad:0510,0*43
!AIVDM,1,1,,A,13@onD@01L0gpR`P2cdUiDd<0510,0*78
!AIVDM,1,1,,A,13nE4n001V0gCAdOp>sIj7n:0<0d,0*69
!AIVDM,1,1,,A,33:rp:5000Pfo@rP8G1Qa1D>0000,0*2F
!AIVDM,1,1,,A,13AKHJ005IPgburP6UrDckfD0@5h,0*00
!AIVDM,1,1,,A,13ngDR82Af0i3<pP6@3jC1lT0<0o,0*56
!AIVDM,1,1,,A,13@o`ghP000ircvOq89<1Ovd28=<,0*6E
!AIVDM,1,1,,A,13QD:`001EPj3TtOwNR``Vrh0510,0*5A
!AIVDM,1,1,,A,13cL?<0028Pj;F<P0@T8E6`f0@>@,0*4E
!AIVDM,1,1,,A,13@onD@01K0gpi4P2b7Uj4dj0510,0*67
!AIVDM,1,1,,A,13@ngfP0000gnr<P0qDU5idl00S2,0*29
!AIVDM,1,1,,A,13nE4n001V0gBl@Op><Ii7nj0<0d,0*7D
!AIVDM,1,1,,A,13AKHJ005JPgdEFP6RADgCjt0HAH,0*79
!AIVDM,1,1,,A,13AKHJ005JPgdWVP6QNlgkk40<0U,0*2E
!AIVDM,1,1,,A,13AKHJ005JPgdhfP6Q5ThCk<0<0U,0*4D
!AIVDM,1,1,,A,13ngDR8uQf0i3cFP6AF2Dim>00S;,0*4B
!AIVDM,1,1,,A,13l;P:000EPiRAdOpWk7Lma<00RO,0*77
!AIVDM,1,1,,A,13QD:`001GPj3E@OwMGpcnsD00Sl,0*56
!AIVDM,1,1,,A,13@o`ghP000ird:Oq87MvgwF20RP,0*1D
!AIVDM,1,1,,A,13@onD@01J0gpvnP2`QUlTcH0510,0*04
!AIVDM,1,1,,A,13@ngfP0000gnr<P0qDTh1eL0510,0*69
!AIVDM,1,1,,A,13ngDR8wAf0i46rP6BOBD1ml00SS,0*27
!AIVDM,1,1,,A,13l;P:000EPiR@nOpWEGFEal0D0d,0*6D
!AIVDM,1,1,,A,4025bw1v5?8A0PcOkTOnoM102<1M,0*07
!AIVDM,1,1,,A,13@o`ghP000ircdOq89=vgv62L1S,0*57
!AIVDM,1,1,,A,13@ngfP0000gnrHP0qDC?1d:00Si,0*14
!AIVDM,1,1,,A,13@onD@01K0gq=dP2V`Evld<00S2,0*66
!AIVDM,1,1,,A,13AKHJ005I0gg@@P6J;DgkjD0<0U,0*78
!AIVDM,1,1,,A,13AKHJ005I0gglnP6H`DfkhT0514,0*59
!AIVDM,1,1,,A,13ngDR8vif0i4TdP6Cf2D1nT08:a,0*4A
!AIVDM,1,1,,A,13l;P:000DPiR?vOpVs7GE`R0514,0*52
!AIVDM,1,1,,A,4025bw1v5?8ADPcOkTOnoM1028<c,0*54
!AIVDM,1,1,,A,13@o`ghP000ird<Oq87uvgvd2514,0*02
!AIVDM,1,1,,A,13QD:`001FPj2ihOwJTHU6rf00Rt,0*2A
!AIVDM,1,1,,A,33@oGOUP000h<AtOsC;L7OvgR000,0*56
!AIVDM,1,1,,A,13@onD@01J0gqIDP2Tu5u4`j00SF,0*29
!AIVDM,1,1,,A,13@ngfP0000gnrLP0qD<hidl0L0c,0*23
!AIVDM,1,1,,A,13AKHJ005H0ghDpP6GBlf3hl00S<,0*6B
!AIVDM,1,1,,A,13AKHJ005H0ghW@P6FRDeSht0D0U,0*74
!AIVDM,1,1,,A,13AKHJ005H0gi@fP6Dmle3i<08F@,0*67
!AIVDM,1,1,,A,13ngDR8vQf0i540P6DtREim>0<0o,0*02
!AIVDM,1,1,,A,13l;P:000CPiR?@OpVP7HEa80L0a,0*09
!AIVDM,1,1,,A,4025bw1v5?8A`PcOkTOnoM102HHI,0*5E
!AIVDM,1,1,,A,13AKHJ005H0giNRP6DATdkiD0@HM,0*13
!AIVDM,1,1,,A,13@o`ghP000ird:Oq88MMwwD2D1T,0*28
!AIVDM,1,1,,A,13AKHJ005I0gii0P6CQTdSiL0L0V,0*1F
!AIVDM,1,1,,A,13@ngfP0000gnrNP0qDEl1eL00Rs,0*2B
!AIVDM,1,1,,A,13AKHJ005IPgj3LP6BiDdSiT0514,0*71
!AIVDM,1,1,,A,13@orKh01n0h2qLOvSTTPkeP08MS,0*10
!AIVDM,1,1,,A,13AKHJ005HPgjdrP6A5Ddkil0@Qw,0*10
!AIVDM,1,1,,A,13ngDR8vAf0i5Q>P6F<2DAon0@RA,0*18
!AIVDM,1,1,,A,13l;P:000BPiR>>OpV3oIUal0@0=,0*59
!AIVDM,2,1,9,A,577?DS42@T=aI8UCJ20<l:0hThT4pF2222222216BhNG75<D0HP@DR5Dp888,0*21
!AIVDM,2,2,9,A,88888888880,2*2D
!AIVDM,1,1,,A,13AKHJ005HPgjwDP6@E4dkh400S0,0*58
!AIVDM,1,1,,A,13@o`ghP000irdJOq8=uMwv62H20,0*7D
!AIVDM,1,1,,A,13@onD@01L0gqjVP2QKF0D`<0<0K,0*57
!AIVDM,1,1,,A,13AKHJ005HPgkAbP6?Tle3h<0<0V,0*27
!AIVDM,1,1,,A,13@ngfP0000gnrPP0qDG:id<0<0`,0*35
!AIVDM,1,1,,A,13AKHJ005GPgkT0P6>lTe3hD085h,0*29
!AIVDM,1,1,,A,13AKHJ005GPgknFP6>4DeChL088<,0*0C
!AIVDM,2,1,0,A,53:rp:02?4C;D8`;801LThPDhl000000000000161qp;;5?9NA1km21CPUDQ,0*72
!AIVDM,2,2,0,A,h0000000000,2*7C
!AIVDM,1,1,,A,13AKHJ005GPgl8bP6=D4eChT00S8,0*05
!AIVDM,1,1,,A,13ngDR8uQf0i5uTP6GDBFAlT0518,0*18
!AIVDM,1,1,,A,377?DS50000fn>BP8B6616rb0DmJ,0*12
!AIVDM,1,1,,A,13l;P:000APiR=@OpUdoK5`T00Rw,0*70
!AIVDM,1,1,,A,4025bw1v5?8BDPcOkTOnoM102518,0*0C
!AIVDM,1,1,,A,13AKHJ005GPglFJP6<gTeShd00SB,0*4B
!AIVDM,1,1,,A,13@o`ghP000ird:Oq8:uMwvb20SQ,0*26
!AIVDM,1,1,,A,13@onD@01L0gqwpP2ObUuTbj0H>c,0*1B
!AIVDM,1,1,,A,13@ngfP0000gnrTP0qDo=Adl0H>u,0*09
!AIVDM,1,1,,A,13AKHJ005GPgle@P6;jTekhl0H?8,0*36
!AIVDM,1,1,,A,13@orKh01n0h3q<OvQHTPkbn0<0I,0*25
!AIVDM,1,1,,A,13AKHJ005GPglrrP6;=TfCht0@AH,0*71
!AIVDM,1,1,,A,13AKHJ005GPgm=6P6:LDfkk40518,0*05
!AIVDM,1,1,,A,13AKHJ005GPgmSlP69NTg3k<0518,0*71
!AIVDM,1,1,,A,13ngDR80Af0i6LPP6HTBD1k>08Fj,0*5B
!AIVDM,1,1,,A,13l;P:000@PiR<BOpUFGU5a:0HG=,0*2E
!AIVDM,1,1,,A,4025bw1v5?8B`PcOkTOnoM102D1E,0*24
!AIVDM,1,1,,A,13AKHJ005GPgmiLP68qDgCkD0<0V,0*2B
!AIVDM,1,1,,A,13@o`ghP000ird>Oq8:mjOwD2@Hn,0*56
!AIVDM,1,1,,A,13QD:`001FPj1e4OwE68cnsF0HIM,0*71
!AIVDM,1,1,,A,13@ngfP0000gnrTP0qDe7ieJ0@JU,0*5A
!AIVDM,1,1,,A,13@onD@01L0gr>2P2Mm5t4cL0D0J,0*13
!AIVDM,1,1,,A,13AKHJ005GPgn3`P687lgSkL0HJi,0*19
!AIVDM,1,1,,A,13@orKh01o0h4KpOvP=TSCeP0518,0*4A
!AIVDM,1,1,,A,13AKHJ005F0gnWvP66TlgSkd0518,0*18
!AIVDM,1,1,,A,13AKHJ005F0gnv`P65W4gSkl0<0V,0*19
!AIVDM,1,1,,A,13ngDR8v1f0i6qHP6IiBCAin0<0m,0*24
!AIVDM,1,1,,A,13l;P:000APiR;8OpTvGS5aj0<0a,0*6A
!AIVDM,1,1,,A,13@nfsP0010fl98P8@58dCJ000Rn,0*01
!AIVDM,1,1,,A,4025bw1v5?8C0PcOkTOnoM10251<,0*7D
!AIVDM,1,1,,A,13QD:`001GPj1KJOwCU``Vr4051<,0*21
!AIVDM,1,1,,A,13@o`ghP000irdVOq895jOv62D1R,0*57
!AIVDM,1,1,,A,13@onD@01K0grJvP2L;mnD`<0836,0*31
!AIVDM,1,1,,A,13@ngfP0000gnrTP0qDnlQd<083W,0*46
!AIVDM,1,1,,A,13AKHJ005E0golrP63ClgCjD051<,0*02
!AIVDM,1,1,,A,13AKHJ005E0gp70P62S4g3hL051<,0*37
!AIVDM,1,1,,A,13AKHJ005D0gpI6P61jDfkhT0D0V,0*5F
!AIVDM,1,1,,A,13ngDR8wQf0i7DFP6Jv2@1hT00Rn,0*36
!AIVDM,1,1,,A,13l;P:000>PiR:4OpTc7dm`R0L0`,0*5A
!AIVDM,1,1,,A,4025bw1v5?8CDPcOkTOnoM1020S:,0*68
!AIVDM,1,1,,A,13AKHJ005D0gpc:P6104fkhd0<0V,0*1B
!AIVDM,1,1,,A,13@o`ghP000ire@Oq7w5jOvb2L1T,0*5B
!AIVDM,1,1,,A,13@onD@01I0gra0P2JOmilVj0D0J,0*60
!AIVDM,1,1,,A,13@ngfP0000gnrPP0qEG:1dl0D0U,0*71
!AIVDM,1,1,,A,13AKHJ005D0gpu>P60?lfShl0D0V,0*17
!AIVDM,2,1,1,A,53nE4n02;F0Hh5HoN20P4Lh4pB08tp62222222169@>855?=0>12mQB`8888,0*75
!AIVDM,2,2,1,A,88888888880,2*25
!AIVDM,1,1,,A,13nE4n001W0g>VpOp86qp7tj00S:,0*0C
!AIVDM,1,1,,A,13@orKh01l0h5KDOvN44Pkbn08AA,0*1D
!AIVDM,1,1,,A,13AKHJ005C0gq:jP5wcTf3ht0<0V,0*2A
!AIVDM,1,1,,A,13AKHJ005C0gqLnP5vsleki400S>,0*6C
!AIVDM,1,1,,A,13AKHJ005B0gqkLP5v0TeCi<00S0,0*3D
!AIVDM,1,1,,A,13ngDR8uQf0i7jBP6LD2@ii>051<,0*2D
!AIVDM,1,1,,A,13l;P:000?PiR98OpTIWama80D0a,0*79
!AIVDM,1,1,,A,4025bw1v5?8C`PcOkTOnoM102@HI,0*54
!AIVDM,1,1,,A,13@o`ghP000ireVOq7tmjOwB2<1V,0*45
!AIVDM,1,1,,A,13QD:`001FPj0mhOw@NHcnsH0D0T,0*4B
!AIVDM,1,1,,A,13@ngfP0000gnrRP0qE:JieJ0<0U,0*79
!AIVDM,1,1,,A,13@onD@01H0gronP2HiEkTaL0@Jd,0*46
!AIVDM,1,1,,A,13AKHJ005B0grC8P5teldkiL0D0V,0*25
!AIVDM,1,1,,A,13BIPv00000hffhOsgkmm1WL08K>,0*5E
!AIVDM,1,1,,A,13AKHJ005B0grU>P5sw4dSiT0@M:,0*4D
!AIVDM,1,1,,A,13@orKh01j0h5thOvLsTPScP00Rv,0*06
!AIVDM,1,1,,A,13ngDR8vAf0i8?6P6MUB?Agn08RA,0*6A
!AIVDM,1,1,,A,13@nfsPOh10fl8PP8@7`BkKn0<0T,0*10
!AIVDM,1,1,,A,13l;P:000APiR82OpT37S5al080=,0*08
!AIVDM,1,1,,A,4025bw1v5?8D0PcOkTOnoM1020S:,0*1B
!AIVDM,1,1,,A,13QD:`001GPj0VNOw?B8aFp400Rb,0*21
!AIVDM,1,1,,A,13@o`ghP000irevOq80EjOv62@20,0*6A
!AIVDM,1,1,,A,13cL?<002:Pj6k<Owo<8V6p6051@,0*5A
!AIVDM,1,1,,A,13@onD@01G0gs5<P2G?Ullb<051@,0*6F
!AIVDM,1,1,,A,13@ngfP0000gnrhP0qDjoid<051@,0*5D
!AIVDM,1,1,,A,13AKHJ005BPgt48P5p6DeChD00SA,0*6B
!AIVDM,1,1,,A,13ngDR8v1f0i8bhP6NoR=1fT0<0l,0*32
!AIVDM,1,1,,A,13l;P:000EPiR7@OpSaGLm`R0H;j,0*00
!AIVDM,1,1,,A,13AKHJ005BPgtr8P5mmlfChd08<p,0*36
!AIVDM,1,1,,A,13@o`ghP000irePOq83mjOvd2H=S,0*51
!AIVDM,1,1,,A,13@onD@01F0gsCHP2EbUkDbj0@>c,0*13
!AIVDM,1,1,,A,13@ngfP0000gnrfP0qDH2Adl0@>u,0*1B
!AIVDM,1,1,,A,13AKHJ005CPgu<8P5m5DfShl0@?8,0*23
!AIVDM,1,1,,A,13@orKh01g0h6qdOvJlTQkdn051@,0*48
!AIVDM,1,1,,A,13ngDR8wig0i98rP6P?2;Qe>00SM,0*44
!AIVDM,1,1,,A,13l;P:000GPiR6BOpS<GDUa:0@G=,0*26
!AIVDM,1,1,,A,4025bw1v5?8D`PcOkTOnoM102<1K,0*54
!AIVDM,1,1,,A,13@o`ghP000ire@Oq84EU?wD28Hn,0*38
!AIVDM,1,1,,A,13@ngfP0000gnrbP0qD7=QeJ08JU,0*74
!AIVDM,1,1,,A,13@onD@01E0gsR8P2D25i4cL0<0L,0*48
!AIVDM,1,1,,A,33@orKh01d0h7GdOvIkTS3eN05oR,0*4D
!AIVDM,1,1,,A,33@orKh01d0h7O<OvIR4S3e`02ei,0*5C
!AIVDM,1,1,,A,13ngDR80ig0i9UFP6QWB:1gn051@,0*1A
!AIVDM,1,1,,A,13@nfsP0010fl98P8@582CH00803,0*62
!AIVDM,1,1,,A,13l;P:000IPiR5<OpReGHUaj051@,0*2F
!AIVDM,1,1,,A,13QD:`001FPiwlhOw:v8V6p40@0i,0*17
!AIVDM,1,1,,A,4025bw1v5?8E0PcOkTOnoM102@0u,0*46
!AIVDM,1,1,,A,13@o`ghP000irelOq83EU?v62<1a,0*12
!AIVDM,1,1,,A,13@onD@01D0gsg:P2BUEil`<00S@,0*27
!AIVDM,1,1,,A,13@ngfP0000gnr`P0qD5`Qd<00RG,0*5C
!AIVDM,1,1,,A,33@orKh01d0h7sDOvHSTQkbF037A,0*78
!AIVDM,1,1,,A,13ngDR8vAg0i:0bP6RsR;idT08:E,0*62
!AIVDM,1,1,,A,13l;P:000IPiR4ROpR5GC5`R0D0c,0*11
!AIVDM,1,1,,A,4025bw1v5?8EDPcOkTOnoM102<1T,0*6E
!AIVDM,1,1,,A,13@o`ghP000irf>Oq7vEU?vd2D1c,0*21
!AIVDM,1,1,,A,13@onD@01B0gstnP2A6ElDbj0<0K,0*1B
!AIVDM,1,1,,A,13@ngfP0000gnrTP0qDmTAdl0<0R,0*3F
!AIVDM,1,1,,A,13@orKh01e0h8AlOvGiTQkbl0000,0*04
!AIVDM,2,1,2,A,53@orKl2Cq`HuLqP00118Tq<E=<F0U<48Dhh40156@j997?os7ThAC5RAp23,0*3F
!AIVDM,2,2,2,A,m`4hAC5RAp0,2*23
!AIVDM,1,1,,A,33@orKh01e0h8K<OvGMTPSc002uQ,0*3A
!AIVDM,1,1,,A,13ngDR81ig0i:O0P6TE2:Qc@0D0l,0*05
!AIVDM,1,1,,A,13l;P:000KPiR3ROpQS7G5a80<0c,0*16
!AIVDM,1,1,,A,13@o`ghP000irfFOq7vUU?wD251D,0*3E
!AIVDM,1,1,,A,13@ngfP0000gnrLP0qFEr1eJ051D,0*62
!AIVDM,1,1,,A,13@onD@01A0gt:hP2?SUllcL08Jd,0*02
!AIVDM,1,1,,A,13@orKh01k0h8rLOvFJ4TSc`0@P?,0*74
!AIVDM,1,1,,A,13ngDR8uAg0i:sHP6UeB8Qcn00RV,0*7C
!AIVDM,1,1,,A,13@nfsP0010fl8lP8@57ESIn051H,0*77
!AIVDM,1,1,,A,13l;P:000LPiR2BOpPqGAEan00S0,0*4F
!AIVDM,1,1,,A,13@o`ghP000ireJOq7wmU?v42820,0*03
!AIVDM,1,1,,A,13@ngfP0000gnrRP0qFVF1d:0<0P,0*36
!AIVDM,1,1,,A,13@onD@01@0gtG<P2>:mjDb<0<0K,0*74
!AIVDM,1,1,,A,33:rp:5000Pfo@`P8FwiVQBD0000,0*69
!AIVDM,1,1,,A,13@orKh01o0h9IdOvEFTPkbF087t,0*42
!AIVDM,1,1,,A,13ngDR8t1h0i;EDP6W227QTT051H,0*66
!AIVDM,1,1,,A,13l;P:000MPiR1>OpPDGJE`T0@;j,0*76
!AIVDM,2,1,3,A,53@ngfP2:vJ<uME<001ADptDH4E8LDp00000000t0pG5540005P000000000,0*09
!AIVDM,2,2,3,A,00000000000,2*27
!AIVDM,1,1,,A,13@o`ghP000irdnOq80EU?vd2@=S,0*02
!AIVDM,1,1,,A,13@onD@01>0gtTPP2<g5i4bj08>c,0*75
!AIVDM,1,1,,A,13@ngfP0000gnrNP0qG6=Qdl08>u,0*29
!AIVDM,1,1,,A,13@orKh01n0h9tHOvD;TPkc00HDI,0*67
!AIVDM,1,1,,A,13AKHJ005RPh6hFP5KnTake<08F6,0*54
!AIVDM,1,1,,A,13ngDR8sih0i;i8P6``R0iO@0@G5,0*22
!AIVDM,1,1,,A,13l;P:000NPiR0<OpOeGDma:08G=,0*52
!AIVDM,1,1,,A,4025bw1v5?8F`PcOkTOnoM10251H,0*5C
!AIVDM,1,1,,A,13AKHJ005RPh78DP5Jt4a3eD0L0V,0*3E
!AIVDM,1,1,,A,13@o`ghP000irdTOq81EU?wB20T1,0*65
!AIVDM,1,1,,A,13@ngfP0000gnrPP0qEoKieJ00Ro,0*7B
!AIVDM,1,1,,A,13@onD@01>0gtjFP2;?EhDeL051H,0*0B
!AIVDM,1,1,,A,13AKHJ005QPh7FdP5JID`ScL08Ji,0*70
!AIVDM,1,1,,A,13ngDR8qih0i<;:P6b8is1Cl0HQe,0*63
!AIVDM,1,1,,A,13AKHJ005OPh8E4P5H4lW3cl0@Qu,0*6D
!AIVDM,1,1,,A,33ngDR8qih0i<<PP6b=Qr1@000gP,0*14
!AIVDM,1,1,,A,13QD:`001EPiv=LOw2H`RVp4080i,0*12
!AIVDM,1,1,,A,4025bw1v5?8G0PcOkTOnoM10280u,0*3C
!AIVDM,1,1,,A,13AKHJ005NPh8SLP5GS4Vkb40H12,0*1D
!AIVDM,1,1,,A,13@o`ghP000irelOq81UU?v6251L,0*24
!AIVDM,1,1,,A,13@ngfP0000gnrRP0qE6l1d:082l,0*45
!AIVDM,1,1,,A,33ngDR8qQg0i<KbP6c>AhA4F029P,0*40
!AIVDM,1,1,,A,13@orKh01o0h:s<OvB24PkbD051L,0*01
!AIVDM,1,1,,A,13ngDR8qig0i<SvP6ciiahvT00S<,0*7D
!AIVDM,1,1,,A,13l;P:000PPiQvJOpNHG?E`R0<0b,0*45
!AIVDM,1,1,,A,13QD:`001FPiuubOw0lpU6pd0H<w,0*17
!AIVDM,1,1,,A,13@o`ghP000irehOq80UU?vd2<1U,0*63
!AIVDM,1,1,,A,33@oGOUP000h<BNOsC?;dgvgR000,0*67
!AIVDM,1,1,,A,13@onD@01>0gu<RP28OmcD`j051L,0*3F
!AIVDM,1,1,,A,13@ngfP0000gnrBP0qDWLAdl051L,0*1D
!AIVDM,1,1,,A,33ngDR8rAf0i<dHP6dQQO@nl00w@,0*25
!AIVDM,1,1,,A,13AKHJ005KPh:JNP5C8TWkdl051L,0*52
!AIVDM,1,1,,A,33ngDR8qAf0i<j2P6e8QI@i201ph,0*4B
!AIVDM,1,1,,A,13@orKh01o0h;OhOv@lTKka00D0E,0*41
!AIVDM,1,1,,A,13ngDR8pQf0i<pDP6eoQB@W@0<0l,0*6D
!AIVDM,1,1,,A,13l;P:000QPiQu>OpMb7CEa<051L,0*5F
!AIVDM,1,1,,A,13QD:`001FPiueJOvwT`V6qF051L,0*2A
!AIVDM,1,1,,A,13@o`ghP000irehOq82mU?wF2<1U,0*7A
!AIVDM,1,1,,A,13@ngfP0000gnr:P0qEVOieJ0L0Q,0*0C
!AIVDM,1,1,,A,33ngDR8pAe0i<u>P6fQ1<@OJ00o0,0*3D
!AIVDM,1,1,,A,13@orKh01o0h<1<Ov?i4M3W`08P?,0*28
!AIVDM,1,1,,A,13ngDR8rQb0i=5nP6gs0q@Cl0D0m,0*08
!AIVDM,1,1,,A,13QD:`001FPiuMlOvv0`RVp2051P,0*4C
!AIVDM,1,1,,A,4025bw1v5?8H0PcOkTOnoM10251P,0*1A
!AIVDM,1,1,,A,13@o`ghP000ire>Oq82EU?v620S@,0*0E
!AIVDM,1,1,,A,13@ngfP0000gnrBP0qF6F1d:051P,0*4E
!AIVDM,1,1,,A,13@onD@01<0guWvP25iETD`<051P,0*0C
!AIVDM,1,1,,A,13@orKh01o0h<OPOv>m4KkVD00SP,0*20
!AIVDM,2,1,4,A,53:rp:02?4C;D8`;801LThPDhl000000000000161qp;;5?9NA1km21CPUDQ,0*76
!AIVDM,2,2,4,A,h0000000000,2*78
!AIVDM,1,1,,A,13@nfsP0000fl98P8@5=?CJ`051P,0*56
!AIVDM,1,1,,A,377?DS50000fn>0P8B5n16rb0DVb,0*28
!AIVDM,1,1,,A,13@o`ghP000ireJOq81EU?vb28=S,0*58
!AIVDM,1,1,,A,13@onD@01<0gumjP24LEVT`j00SG,0*3A
!AIVDM,1,1,,A,13@ngfP0000gnr4P0qEpGAdl00Rl,0*00
!AIVDM,1,1,,A,13@orKh01o0h=4HOv=dTKkW00@DI,0*23
!AIVDM,1,1,,A,4025bw1v5?8H`PcOkTOnoM102@HI,0*5F
!AIVDM,1,1,,A,13@onD@01;0gv2nP23;m`lcH0HIV,0*61
!AIVDM,1,1,,A,13@o`ghP000ireLOq805U?wD28Ie,0*4A
!AIVDM,1,1,,A,13@ngfP0000gnrDP0qDWAieJ0HJB,0*11
!AIVDM,1,1,,A,13@orKh01p0h=V8Ov<a4M3W`051P,0*5D
!AIVDM,1,1,,A,13l;P:000TPiQq8OpJcWAmaj0@03,0*49
!AIVDM,1,1,,A,4025bw1v5?8I0PcOkTOnoM1020S:,0*16
!AIVDM,1,1,,A,13AKHJ0058PhAEtP53qDQSV40@12,0*19
!AIVDM,1,1,,A,13@o`ghP000irdnOq7umU?v62H26,0*50
!AIVDM,1,1,,A,13@ngfP0000gnrJP0qDUaQd:00S1,0*66
!AIVDM,1,1,,A,13@onD@Oi:0gvA0P21jmill<00R6,0*48
!AIVDM,1,1,,A,13AKHJ0PE6PhA`FP53D4O3T<0<0W,0*39
!AIVDM,1,1,,A,13AKHJ0055PhArnP52hTLkRD0@5g,0*31
!AIVDM,1,1,,A,13@orKh01p0h>6DOv;bTKkVF0D0B,0*3D
!AIVDM,1,1,,A,33@onD@Oi90gvGPP20tV754R01u0,0*1A
!AIVDM,1,1,,A,13AKHJ0053PhBTJP51S4JCRT0L0W,0*69
!AIVDM,1,1,,A,13l;P:000UPiQp6OpImoAE`T051T,0*76
!AIVDM,1,1,,A,13@o`ghP000ire8Oq7t5U?vd251T,0*10
!AIVDM,1,1,,A,13@ngfP0000gnrhP0qCW4idj0L0Q,0*03
!AIVDM,1,1,,A,33@onD@Oi90gvJbP20FVG5<l05NC,0*1D
!AIVDM,1,1,,A,33@onD@PA80gvLRP1wqnJ5:v00th,0*53
!AIVDM,1,1,,A,33@onD@0190gvNTP1wLnDE9:025P,0*31
!AIVDM,1,1,,A,13AKHJ004vPhCv>P4vbDPka<0HF=,0*0C
!AIVDM,1,1,,A,13l;P:000VPiQo2OpI4G=Ea:0<0d,0*34
!AIVDM,1,1,,A,4025bw1v5?8I`PcOkTOnoM102<1E,0*57
!AIVDM,1,1,,A,13AKHJ004vPhD?pP4v34R3cD0@HT,0*62
!AIVDM,1,1,,A,13@onD@0190gvQ2P1vsFFE;H0D0H,0*45
!AIVDM,1,1,,A,13@o`ghP000ire<Oq7vUU?wF251T,0*55
!AIVDM,1,1,,A,13@ngfP0000gnrhP0qCmrQeJ0D0O,0*70
!AIVDM,1,1,,A,13AKHJ004vPhDk<P4tlTRkcT0<0W,0*08
!AIVDM,1,1,,A,13AKHJ004vPhE0LP4tGTRSad0D0`,0*4C
!AIVDM,1,1,,A,13@orKh01q0h?;dOv9NTNCW`00SC,0*22
!AIVDM,1,1,,A,13AKHJ004wPhEFbP4sWDR3al051T,0*3E
!AIVDM,1,1,,A,13l;P:000VPiQmjOpH=GA5al0<0e,0*3D
!AIVDM,1,1,,A,13@orKh0200h0fHOvhCcQ9<j0<0C,0*1E
!AIVDM,1,1,,A,13ni`v001s0iO;2OrRQhJPI000S9,0*37
!AIVDM,1,1,,A,4025bw1v5?8s`PcOkTOnoM1028HI,0*1C
!AIVDM,1,1,,A,13abqB002:PiOIdOtaLHAVSR0<0k,0*58
!AIVDM,1,1,,A,13@onD@0170gvmvOwL;o;5eL053d,0*38
!AIVDM,1,1,,A,13@ngfP01V0gSNdP0C8bCp;L08K1,0*6D
!AIVDM,1,1,,A,13@orKhPB00h0:LOviNcO95J0<0C,0*6D
!AIVDM,1,1,,A,13@o`ghP000irdTOq7t5dwv4281h,0*65
!AIVDM,1,1,,A,13@ngfP01U0gS1:P0BrbCH8:00S@,0*28
!AIVDM,1,1,,A,13@onD@PA70gvlhOwJbG:md<083=,0*3C
!AIVDM,1,1,,A,13abqB002:PiNw4OtVG`@VPH0<0k,0*3B
!AIVDM,1,1,,A,13@orKh01w0gwPTOvjacGq0@0580,0*12
!AIVDM,2,1,2,A,53:rp:02?4C;D8`;801LThPDhl000000000000161qp;;5?9NA1km21CPUDQ,0*70
!AIVDM,2,2,2,A,h0000000000,2*7E
!AIVDM,1,1,,A,13abqB002:PiNj@OtTlp=nNh0<0k,0*10
!AIVDM,1,1,,A,4025bw1v5?90DPcOkTOnoM102D1Q,0*67
!AIVDM,1,1,,A,377?DS50000fn=NP8B:616rj0Dib,0*35
!AIVDM,1,1,,A,13@onD@PA70gvkVOwI=G;Edl0H>k,0*0B
!AIVDM,1,1,,A,13@ngfP01U0gRR@P0BbJBp:l08?;,0*7A
!AIVDM,1,1,,A,13@orKh0200gw10OvkN;Ea0j08@G,0*1F
!AIVDM,1,1,,A,13abqB002:PiNVlOtSIH<FO60@Bd,0*6D
!AIVDM,1,1,,A,13ni`v001s0iOOfOrb>0K@Dv0HBk,0*71
!AIVDM,1,1,,A,13@o`ghP000irdrOq7t5dwwD28I0,0*12
!AIVDM,1,1,,A,13abqB002:PiNIDOtQe8;VOR08JB,0*21
!AIVDM,1,1,,A,13@ngfP01U0gR3HP0BK:Cp;L0580,0*6B
!AIVDM,1,1,,A,13@orKhOj20gvJ@OvlT;Kq9L08LH,0*1F
!AIVDM,1,1,,A,13abqB002:PiN<pOtP9H;6Mp08QF,0*12
!AIVDM,1,1,,A,13l;P:000;PiO8jOoT9p`maj0<0b,0*53
!AIVDM,1,1,,A,4025bw1v5?910PcOkTOnoM1020S:,0*6F
!AIVDM,1,1,,A,13@o`ghP000irdTOq7wmdwv42584,0*66
!AIVDM,1,1,,A,13@ngfPOiT0gQTVP0B=:Cp::0D0V,0*29
!AIVDM,1,1,,A,13@onD@0170gvi:OwF3o9Ed<0584,0*2A
!AIVDM,1,1,,A,13abqB002:PiN0vOtNT886HJ0856,0*33
!AIVDM,1,1,,A,13@orKh0230gul8OvmncTa6>00Re,0*4E
!AIVDM,1,1,,A,13abqB0029PiMnLOtM6`5nHh08;t,0*55
!AIVDM,1,1,,A,4025bw1v5?91DPcOkTOnoM102@<c,0*5D
!AIVDM,1,1,,A,13@o`ghP000irdlOq815dwvf2584,0*1D
!AIVDM,1,1,,A,33@onD@0180gvh2OwDUW95dl05KS,0*46
!AIVDM,1,1,,A,13@ngfP01T0gQ5rP0AtJAp:l0584,0*3E
!AIVDM,1,1,,A,13@orKh0240guALOvo1cRq2l0584,0*33
!AIVDM,1,1,,A,13abqB0029PiMcROtKNp2VE80<0l,0*5D
!AIVDM,1,1,,A,13ni`v001s0iOj6Orj@PFPDv0D0l,0*76
!AIVDM,1,1,,A,13l;P:000:PiO4TOoSn8jUa<0@H2,0*48
!AIVDM,1,1,,A,4025bw1v5?91`PcOkTOnoM1020S:,0*3F
!AIVDM,1,1,,A,13@o`ghP000ireBOq80EdwwD2584,0*60
!AIVDM,1,1,,A,13abqB0029PiMOrOtITWuFAR0000,0*07
!AIVDM,1,1,,A,13@onD@0180gvfdOwC27:EeJ0HJC,0*24
!AIVDM,1,1,,A,13@ngfPOiU0gPW0P0Ab:BH;L00SC,0*5C
!AIVDM,1,1,,A,13@orKh0240gtd@Ovp?;LHuL0584,0*12
!AIVDM,1,1,,A,13ni`v001s0iOpFOrlvPG0Eb00Rt,0*56
!AIVDM,1,1,,A,13l;P:000:PiO2BOoShI6mal08Rj,0*21
!AIVDM,1,1,,A,4025bw1v5?920PcOkTOnoM102D1K,0*0B
!AIVDM,2,1,3,A,53@onDD2CfchuETJ2205E8u8622222222222220Q1@D445?@N83BA11C1PDU,0*39
!AIVDM,2,2,3,A,88888888880,2*27
!AIVDM,1,1,,A,13@o`ghP000ire:Oq825dwv420ST,0*15
!AIVDM,1,1,,A,13@ngfP01T0gP8BP0AKbC`::0@3:,0*21
!AIVDM,1,1,,A,13@onD@0180gveJOwAIo:Ud<00Rq,0*1D
!AIVDM,1,1,,A,13abqB0029PiM>lOtFGom6:H0588,0*40
!AIVDM,1,1,,A,13@orKh0250gt4TOvqGcK8t>0L0D,0*73
!AIVDM,1,1,,A,13ni`v001t0iOvNOroW0GhDJ0588,0*4F
!AIVDM,1,1,,A,B3@oqi0008;u`g80>Qiukw`5oP06,0*2A
!AIVDM,1,1,,A,13abqB0028PiM7HOtDc7fF0h0000,0*46
!AIVDM,1,1,,A,4025bw1v5?92DPcOkTOnoM102<1P,0*1C
!AIVDM,1,1,,A,13@o`ghP000irdrOq87Udwvf20RM,0*73
!AIVDM,1,1,,A,13@onD@0180gvd8Ow?s7;5dl0@>k,0*45
!AIVDM,1,1,,A,33abqB0028PiM4:OtCc7`5vv0001,0*1E
!AIVDM,1,1,,A,13@orKh0260gsPDOvrHcKHvl00S>,0*4A
!AIVDM,1,1,,A,13abqB0028PiM2DOtC6WV5u60000,0*25
!AIVDM,1,1,,A,13ni`v001t0iP4HOrr6@GPE00@Bk,0*07
!AIVDM,1,1,,A,13l;P:0009PiNujOoSQ9:5a>0<0b,0*6D
!AIVDM,1,1,,A,4025bw1v5?92`PcOkTOnoM102@HI,0*24
!AIVDM,1,1,,A,13@o`ghP000ird8Oq88e8wwD20Sl,0*59
!AIVDM,1,1,,A,13@onD@0190gvbdOw>Fo<mgJ0D0D,0*2D
!AIVDM,1,1,,A,13@ngfPOiT0gO9NP0@v:AH;L0@K:,0*55
!AIVDM,1,1,,A,13@orKh0270grrPOvsNcMq1L00Si,0*74
!AIVDM,1,1,,A,13abqB0028PiLrtOt@PoNmqb0@Ln,0*4B
!AIVDM,1,1,,A,13ni`v001t0iP:fOrthhH0E`0<0k,0*66
!AIVDM,1,1,,A,13l;P:0009PiNsjOoSK9PUaj0588,0*74
!AIVDM,1,1,,A,33@o`ghP000ird8Oq87M8wv6205k,0*6E
!AIVDM,2,1,4,A,53@o`gl00001Q0G?7GLp5HT<ts8000000000000U08C2340Ht01kjCQp3Smj,0*3F
!AIVDM,2,2,4,A,1DQK`1PDm;P,2*3C
!AIVDM,1,1,,A,13@onD@0190gva@Ow<io>5f:0@2t,0*3A
!AIVDM,1,1,,A,13@ngfPOiU0gNd2P0@fJC8::0<0b,0*4E
!AIVDM,2,1,5,A,53@oGOP25Hv0uT9;:20hThhM9DpB22222222221<1`:456?D05jkk0VH2h@D,0*78
!AIVDM,2,2,5,A,p8888888880,2*69
!AIVDM,1,1,,A,33@orKh0280grB<OvtfcMHv>00iS,0*06
!AIVDM,1,1,,A,13ni`v001t0iPA@OrwO@HPDH00R;,0*40
!AIVDM,2,1,6,A,53@orKl2Cq`HuLqP00118Tq<E=<F0U<48Dhh40156@j997?os7ThAC5RAp23,0*3B
!AIVDM,2,2,6,A,m`4hAC5RAp0,2*27
!AIVDM,1,1,,A,13l;P:0008PiNqVOoSEaHU`R0H;V,0*2C
!AIVDM,1,1,,A,13@o`ghP000irdHOq85M8wvd2@=6,0*69
!AIVDM,1,1,,A,13@onD@0190gvWbOw;<G>5fl0<0D,0*4C
!AIVDM,1,1,,A,13BIPv00000hffnOsgmhgQTj0<0N,0*1B
!AIVDM,1,1,,A,13@ngfP01U0gN:8P0@O:Cp:l0@?D,0*2F
!AIVDM,1,1,,A,13@orKh0270gqetOvulcMHvl0H@K,0*77
!AIVDM,1,1,,A,13ni`v001t0iPGhOs2;PHPDv0<0k,0*4E
!AIVDM,1,1,,A,4025bw1v5?93`PcOkTOnoM102<1C,0*2A
!AIVDM,1,1,,A,13@o`ghP000irdnOq7uu8wwF2<1U,0*08
!AIVDM,1,1,,A,13@onD@01:0gvV4Ow9VG<mgJ0@JC,0*0C
!AIVDM,1,1,,A,13@ngfPPAU0gMc@P0@AbE8;L0<0c,0*70
!AIVDM,1,1,,A,13@orKh0270gq5tOvvwcLHwN0L0E,0*67
!AIVDM,1,1,,A,4025bw1v5?940PcOkTOnoM102<1F,0*78
!AIVDM,1,1,,A,13@o`ghP000ire2Oq7o=8wv6282:,0*1E
!AIVDM,1,1,,A,13@onD@01;0gvTHOw7wG<Ef:0<0D,0*04
!AIVDM,1,1,,A,13@ngfPOiU0gM=jP0@1JB88:083:,0*47
!AIVDM,1,1,,A,13@orKh0280gpOPOw08;MHv>0D0G,0*1D
!AIVDM,1,1,,A,13ni`v001t0iPTTOs7EPHhDF0D0k,0*6A
!AIVDM,1,1,,A,13l;P:0008PiNjvOoS5Iwm`T0D0a,0*7E
!AIVDM,1,1,,A,4025bw1v5?94DPcOkTOnoM10258@,0*0A
!AIVDM,1,1,,A,13@onD@01;0gvR`Ow6HG;mdl08>k,0*4A
!AIVDM,1,1,,A,13@ngfPPAT0gLeFP0?jrE`8l0<0b,0*4E
!AIVDM,1,1,,A,13@orKh0270gos@Ow1>;MHvl0D0F,0*75
!AIVDM,1,1,,A,33:rp:5000Pfo@pP8G2Aa1Dn0000,0*6E
!AIVDM,2,1,7,A,53ni`v02:UR<h5TCN20pu8pF222222222222221?:P:965?G0:1km1@SlQp8,0*7D
!AIVDM,2,2,7,A,88888888880,2*23
!AIVDM,1,1,,A,13@o`ghP000irdbOq7wLt?wF28Ib,0*70
!AIVDM,1,1,,A,13@onD@01;0gvPvOw4iG<5eJ0<0D,0*20
!AIVDM,1,1,,A,13@ngfP01U0gL>VP0?WbFH;L08K:,0*16
!AIVDM,1,1,,A,13@orKh0260goBtOw2I;J`sN0HLw,0*4C
!AIVDM,1,1,,A,13ni`v001t0iPj:Os<ghHhE`058@,0*5E
!AIVDM,1,1,,A,13QD:`0PA=PiN4FOtJP8M6L2080w,0*21
!AIVDM,1,1,,A,13@o`ghP000ird`Oq7wDPgv6258D,0*2D
!AIVDM,1,1,,A,13@onD@01;0gvO@Ow3:7:5d:082t,0*6C
!AIVDM,1,1,,A,13@ngfP01U0gKi>P0?LJF`8:058D,0*40
!AIVDM,1,1,,A,13@orKh0250gndPOw3LcGHp>0@5:,0*7A
!AIVDM,1,1,,A,4025bw1v5?95DPcOkTOnoM1020S:,0*1F
!AIVDM,1,1,,A,13@o`ghP000ird4Oq84m8wvd28=6,0*4C
!AIVDM,1,1,,A,13QD:`0PA;PiMs4OtHnH?FBf08=E,0*3A
!AIVDM,1,1,,A,33@oGOUP000h<B0OsC<L@gvgR000,0*49
!AIVDM,1,1,,A,13@onD@01;0gvMPOw1SG<Efl058D,0*70
!AIVDM,1,1,,A,13@ngfP01U0gK@`P0??JFp8l08?D,0*08
!AIVDM,1,1,,A,13@orKh0250gn7`Ow4F;D8pl0@@K,0*69
!AIVDM,1,1,,A,13l;P:0008PiNa>OoRtJS5a<00Rk,0*77
!AIVDM,1,1,,A,4025bw1v5?95`PcOkTOnoM10258D,0*2B
!AIVDM,1,1,,A,13QD:`0PA<PiMlrOtG>7vn7F0D0c,0*27
!AIVDM,1,1,,A,13@onD@01;0gvK`OvwtW;UeJ08JC,0*7C
!AIVDM,1,1,,A,13@ngfPOiU0gJibP0?0:DH9L058D,0*6B
!AIVDM,1,1,,A,13@orKh0250gmO0Ow5G;BpqN0D0H,0*58
!AIVDM,1,1,,A,13ni`v001t0iQ5pOsD`0IPE`00RM,0*36
!AIVDM,2,1,8,A,577?DS42@T=aI8UCJ20<l:0hThT4pF2222222216BhNG75<D0HP@DR5Dp888,0*20
!AIVDM,2,2,8,A,88888888880,2*2C
!AIVDM,1,1,,A,13QD:`0PA9PiMelOtF0ogV02058H,0*6A
!AIVDM,1,1,,A,13@o`ghP000irdBOq83;ngv620SA,0*6E
!AIVDM,1,1,,A,13@onD@01;0gvIdOvvEW=5d:058H,0*29
!AIVDM,1,1,,A,13@ngfP01U0gJDDP0>l:E`::00Re,0*08
!AIVDM,1,1,,A,13@orKh0230glr8Ow6>;@pp<0<0H,0*19
!AIVDM,2,1,9,A,53:rp:02?4C;D8`;801LThPDhl000000000000161qp;;5?9NA1km21CPUDQ,0*7B
!AIVDM,2,2,9,A,h0000000000,2*75
!AIVDM,1,1,,A,13@o`ghP000ird4Oq81cngvd258H,0*77
!AIVDM,1,1,,A,377?DS50000fn?8P8B?616rj0E0J,0*34
!AIVDM,1,1,,A,13@onD@01:0gvGTOvtfW=mdl00Ro,0*71
!AIVDM,1,1,,A,13@ngfPOiU0gIkfP0>UrD`8l058H,0*47
!AIVDM,1,1,,A,13@orKh0230glCHOw72c<`pl0<0I,0*30
!AIVDM,1,1,,A,13ni`v001t0iQCDOsIp0IhDv00Sh,0*62
!AIVDM,1,1,,A,13QD:`0019PiMa4OtBnGDEkF0@IS,0*54
!AIVDM,1,1,,A,13@onD@0190gvENOvs87=UeJ058H,0*04
!AIVDM,1,1,,A,13@ngfP01U0gID`P0>FJCH7L00R@,0*05
!AIVDM,1,1,,A,13ni`v001t0iQIrOsLH@J0EV0@N>,0*52
!AIVDM,1,1,,A,13QD:`0019PiMW`OtA=7:md400T4,0*37
!AIVDM,1,1,,A,H3@oqi0h4AV0400000000000000,2*17
!AIVDM,1,1,,A,13@ngfP01U0gHpbP0>9:DH6:0D0a,0*7A
!AIVDM,1,1,,A,13@onD@0190gvCDOvqQo>Ed:00S@,0*3F
!AIVDM,1,1,,A,13@orKh0220gk6lOw8f;@pv<085:,0*2C
!AIVDM,1,1,,A,H3@oqi4UD814B8HH@5njkn1@2310,0*0D
!AIVDM,1,1,,A,4025bw1v5?97DPcOkTOnoM102@<c,0*5B
!AIVDM,1,1,,A,13QD:`001;PiMa2Ot?EFtE`f00Sa,0*44
!AIVDM,1,1,,A,13@onD@01:0gvA<OvotG?5dj0D0E,0*66
!AIVDM,1,1,,A,13@ngfP01U0gHFTP0=prB`4l00RB,0*37
!AIVDM,1,1,,A,13@orKh0210gjQ0Ow9U;@`tl08@K,0*61
!AIVDM,1,1,,A,13ni`v001u0iQ`jOsQt0IhE20D0m,0*25
!AIVDM,1,1,,A,4025bw1v5?97`PcOkTOnoM102@HI,0*21
!AIVDM,1,1,,A,13QD:`001:PiMd<Ot=i6rEaF0<0h,0*51
!AIVDM,1,1,,A,13@ngfPOiU0gGrdP0=c:DH9J0<0a,0*08
!AIVDM,1,1,,A,13@onD@0190gv>tOvnG7AEeJ00S0,0*5D
!AIVDM,1,1,,A,13@orKh0210giq0Ow:Nc<psN0<0G,0*33
!AIVDM,1,1,,A,13@o`ghP000irdhOq7tG>gv62@2A,0*31
!AIVDM,1,1,,A,13@ngfP01U0gGKRP0=LJE`8:0@2e,0*5D
!AIVDM,1,1,,A,13@onD@0180gv<`OvljoCmd:0<0D,0*7D
!AIVDM,1,1,,A,13@orKh0210giDhOw;@c;pr<058P,0*33
!AIVDM,1,1,,A,4025bw1v5?98DPcOkTOnoM102<1O,0*09
!AIVDM,1,1,,A,13QD:`001=PiMfJOt:a6lEdf0L0h,0*66
!AIVDM,1,1,,A,13@o`ghP000ire4Oq7nW>gvf2H=w,0*07
!AIVDM,1,1,,A,13@ngfP01U0gFtLP0=>rBp4j0<0`,0*07
!AIVDM,1,1,,A,13@onD@0170gv:6Ovk@7C5dj0@>P,0*39
!AIVDM,1,1,,A,33@orKh0200ghf`Ow<2c:`rl05pk,0*5C
!AIVDM,1,1,,A,4025bw1v5?98`PcOkTOnoM102<1I,0*2B
!AIVDM,1,1,,A,13QD:`001:PiMe:Ot906tUiH08IS,0*5D
!AIVDM,1,1,,A,13@onD@0160gv7POvifGCUeJ0<0D,0*20
!AIVDM,1,1,,A,13@ngfPOiU0gFMfP0<tb?p5J08J@,0*6A
!AIVDM,1,1,,A,13@orKh0210gh6`Ow<o;<8uN08Lw,0*5C
!AIVDM,1,1,,A,13ni`v001t0iR4NOsdJ0JhEV08N>,0*6A
!AIVDM,1,1,,A,13l;P:0009PiN@vOoSBcdmgl0@0e,0*24
!AIVDM,1,1,,A,13QD:`001;PiMgnOt7Q6tmh6081q,0*78
!AIVDM,1,1,,A,13@ngfPPAU0gEvrP0<`bA84:0<0W,0*4B
!AIVDM,1,1,,A,13@onD@PA60gv4nOvh<WCEd:0832,0*56
!AIVDM,2,1,0,A,53@orKl2Cq`HuLqP00118Tq<E=<F0U<48Dhh40156@j997?os7ThAC5RAp23,0*3D
!AIVDM,2,2,0,A,m`4hAC5RAp0,2*21
!AIVDM,1,1,,A,13@orKh0200ggRdOw=Vc:`r<00Rd,0*7C
!AIVDM,1,1,,A,13ni`v001u0iR:pOsfshK@DD00Sc,0*4A
!AIVDM,1,1,,A,13@ngfP01S0gEPTP0<F:?86j08>L,0*1E
!AIVDM,1,1,,A,13@onD@0160gv2@OvfboB5dj0<0E,0*57
!AIVDM,1,1,,A,13@orKh0200gftTOw>F;9`rl00S9,0*2F
!AIVDM,1,1,,A,13@nfsP0020fl8PP8@7Pe3i<0@Fl,0*39
!AIVDM,1,1,,A,4025bw1v5?99`PcOkTOnoM1028HI,0*57
!AIVDM,1,1,,A,13@o`ghP000irdjOq7wo>gwF2<1S,0*04
!AIVDM,1,1,,A,13QD:`001<PiMgFOt40G55kF058T,0*0F
!AIVDM,1,1,,A,13@onD@0170guwnOve97A5eJ08J9,0*1E
!AIVDM,1,1,,A,13@ngfP01T0gE2<P0<7JBH7J058T,0*2D
!AIVDM,2,1,1,A,53QD:`02=A`1`@LkL00505AE840000000000001@1BM==5BC0A44RCClTjh0,0*53
!AIVDM,2,2,1,A,00000000000,2*25
!AIVDM,1,1,,A,13@orKh0200gfDpOw?:c<8uN058T,0*65
!AIVDM,1,1,,A,13ni`v001u0iRIJOsl?@KPEV058T,0*37
!AIVDM,1,1,,A,4025bw1v5?9:DPcOkTOnoM10258`,0*24
!AIVDM,1,1,,A,13QD:`001=PiMghOt0p70mhf0D0e,0*22
!AIVDM,2,1,2,A,53@ngfP2:vJ<uME<001ADptDH4E8LDp00000000t0pG5540005P000000000,0*08
!AIVDM,2,2,2,A,00000000000,2*26
!AIVDM,1,1,,A,13@ngfP01S0gD5RP0;WbA`8j058`,0*3D
!AIVDM,1,1,,A,13@onD@0160gus2Ovb5WAEdj08>P,0*60
!AIVDM,1,1,,A,13@orKh0200ge=0Ow@ac<8tj0D0I,0*3A
!AIVDM,1,1,,A,13l;P:000:PiN58OoSi;rUm:058`,0*65
